<?xml version="1.0" encoding="UTF-8"?>
<!-- Generated by org.testng.reporters.JUnitReportReporter -->
<testsuite hostname="LAPTOP-9FNV8SG3" failures="0" tests="1" name="com.ibm.testcases.CareerPageTests" time="30.048" errors="0" timestamp="2021-11-10T14:03:38 IST" skipped="0">
  <testcase classname="com.ibm.testcases.CareerPageTests" name="test01" time="30.048"/>
  <system-out/>
</testsuite> <!-- com.ibm.testcases.CareerPageTests -->
